0 verbose cli /usr/bin/node /usr/lib/node_modules/npm/bin/npm-cli.js
1 info using npm@10.9.4
2 info using node@v22.21.0
3 silly config load:file:/usr/lib/node_modules/npm/npmrc
4 silly config load:file:/.npmrc
5 silly config load:file:/root/.npmrc
6 silly config load:file:/usr/etc/npmrc
7 verbose title npm exec playwright test
8 verbose argv "exec" "--" "playwright" "test"
9 verbose logfile logs-max:10 dir:/workspace/.npm-cache/_logs/2025-12-28T17_19_40_248Z-
10 verbose logfile /workspace/.npm-cache/_logs/2025-12-28T17_19_40_248Z-debug-0.log
11 silly logfile done cleaning log files
12 silly packumentCache heap:2197815296 maxSize:549453824 maxEntrySize:274726912
13 http fetch GET 200 https://registry.npmjs.org/playwright 220ms (cache revalidated)
14 silly packumentCache heap:2197815296 maxSize:549453824 maxEntrySize:274726912
15 silly packumentCache heap:2197815296 maxSize:549453824 maxEntrySize:274726912
16 verbose cwd /
17 verbose os Linux 6.10.14-linuxkit
18 verbose node v22.21.0
19 verbose npm  v10.9.4
20 verbose exit 1
21 verbose code 1
