0 verbose cli /usr/bin/node /usr/lib/node_modules/npm/bin/npm-cli.js
1 info using npm@10.9.4
2 info using node@v22.21.0
3 silly config load:file:/usr/lib/node_modules/npm/npmrc
4 silly config load:file:/workspaces/.npmrc
5 silly config load:file:/root/.npmrc
6 silly config load:file:/usr/etc/npmrc
7 verbose title npm exec playwright test
8 verbose argv "exec" "--" "playwright" "test"
9 verbose logfile logs-max:10 dir:/workspace/.npm-cache/_logs/2025-12-28T17_17_25_090Z-
10 verbose logfile /workspace/.npm-cache/_logs/2025-12-28T17_17_25_090Z-debug-0.log
11 silly logfile done cleaning log files
12 silly packumentCache heap:2197815296 maxSize:549453824 maxEntrySize:274726912
13 http fetch GET 200 https://registry.npmjs.org/playwright 531ms (cache miss)
14 silly packumentCache heap:2197815296 maxSize:549453824 maxEntrySize:274726912
15 silly packumentCache heap:2197815296 maxSize:549453824 maxEntrySize:274726912
16 warn exec The following package was not found and will be installed: playwright@1.57.0
17 silly idealTree buildDeps
18 silly fetch manifest playwright@1.57.0
19 silly packumentCache full:https://registry.npmjs.org/playwright cache-miss
20 http fetch GET 200 https://registry.npmjs.org/playwright 342ms (cache miss)
21 silly packumentCache full:https://registry.npmjs.org/playwright set size:undefined disposed:false
22 silly placeDep ROOT playwright@1.57.0 OK for:  want: 1.57.0
23 silly fetch manifest playwright-core@1.57.0
24 silly packumentCache full:https://registry.npmjs.org/playwright-core cache-miss
25 http fetch GET 200 https://registry.npmjs.org/playwright-core 339ms (cache miss)
26 silly packumentCache full:https://registry.npmjs.org/playwright-core set size:undefined disposed:false
27 silly fetch manifest fsevents@2.3.2
28 silly packumentCache full:https://registry.npmjs.org/fsevents cache-miss
29 http fetch GET 200 https://registry.npmjs.org/fsevents 63ms (cache miss)
30 silly packumentCache full:https://registry.npmjs.org/fsevents set size:undefined disposed:false
31 silly placeDep ROOT fsevents@2.3.2 OK for: playwright@1.57.0 want: 2.3.2
32 silly placeDep ROOT playwright-core@1.57.0 OK for: playwright@1.57.0 want: 1.57.0
33 silly reify moves {}
34 silly audit bulk request {
34 silly audit   playwright: [ '1.57.0' ],
34 silly audit   fsevents: [ '2.3.2' ],
34 silly audit   'playwright-core': [ '1.57.0' ]
34 silly audit }
35 verbose reify failed optional dependency /workspace/.npm-cache/_npx/e41f203b7505f1fb/node_modules/fsevents
36 silly reify mark deleted [ '/workspace/.npm-cache/_npx/e41f203b7505f1fb/node_modules/fsevents' ]
37 http cache playwright-core@https://registry.npmjs.org/playwright-core/-/playwright-core-1.57.0.tgz 0ms (cache hit)
38 http cache playwright@https://registry.npmjs.org/playwright/-/playwright-1.57.0.tgz 0ms (cache hit)
39 silly tarball no local data for playwright-core@https://registry.npmjs.org/playwright-core/-/playwright-core-1.57.0.tgz. Extracting by manifest.
40 silly tarball no local data for playwright@https://registry.npmjs.org/playwright/-/playwright-1.57.0.tgz. Extracting by manifest.
41 http fetch POST 200 https://registry.npmjs.org/-/npm/v1/security/advisories/bulk 210ms
42 silly audit report {}
43 http fetch GET 200 https://registry.npmjs.org/playwright/-/playwright-1.57.0.tgz 502ms (cache miss)
44 http fetch GET 200 https://registry.npmjs.org/playwright-core/-/playwright-core-1.57.0.tgz 511ms (cache miss)
45 verbose cwd /workspaces
46 verbose os Linux 6.10.14-linuxkit
47 verbose node v22.21.0
48 verbose npm  v10.9.4
49 verbose exit 1
50 verbose code 1
